09:33:03.331 INFO      TOPAZ            ***************************************
09:33:03.332 INFO      TOPAZ            ** Execution from Topaz with options **
09:33:03.332 INFO      TOPAZ            ***************************************
09:33:03.332 INFO      TOPAZ            Using repository: false
09:33:03.332 INFO      TOPAZ            ***************************************
09:33:03.335 INFO      Engine           Test Scenario execution started
09:33:03.337 INFO      Engine           Using context settings:
  Engine Version                : 20.9.2.v20220119-0531_125
  Environment id                : 3733a884-8048-4e92-a5dc-22fee13c3d54
  Environment type              : Batch
  Operating system              : ZOS
  zOS agent version             : NEWEST
  Server address                : 192.168.96.130
  Server port                   : 16196
  Job execution timeout seconds : 600
  Job info interval seconds     : 3
  Socket read timeout           : 30
  Encoding                      : ISO8859-1
  Codepage                      : 
  Host user Id                  : HBOYXN0
  Use Repository Server         : false
09:33:03.337 INFO      Engine           Setting variables from context and context data extensions
09:33:03.337 INFO      Engine             id: environmentId      value: 3733a884-8048-4e92-a5dc-22fee13c3d54
09:33:03.340 INFO      Engine             id: environmentType    value: BATCH
09:33:03.341 INFO      Engine             id: userId             value: HBOYXN0
09:33:03.341 INFO      Engine             id: accountingInfo     value: 
09:33:03.341 INFO      Engine             id: ispw_level         value: QA1
09:33:03.341 INFO      Engine             id: ispw_app           value: YXN1
09:33:03.342 INFO      Unittest         Interpreting Unittest of module: CWXTCOB testscenario path: CWXTCOB_Scenario.testscenario
09:33:03.582 INFO      Unittest         Using JCL skeleton to submit JCL
09:33:07.665 INFO      CWCC - Demo System Sending Job execution request to Host 
09:33:12.944 INFO      CWCC - Demo System Job execution completed with status:
  Job status     : COMPLETED
  Job status msg : Job HBOYXN0A(J0246535) ended with return code: 0000
  Job name       : HBOYXN0A
  Job id         : J0246535
  Return code    : 0000
  Abend code     : 
  Abend reason   : 
09:33:14.592 INFO      Unittest         Execution completed
09:33:14.592 INFO      Engine           Test Scenario execution ended
