11:14:30.257 INFO      TOPAZ            ***************************************
11:14:30.258 INFO      TOPAZ            ** Execution from Topaz with options **
11:14:30.258 INFO      TOPAZ            ***************************************
11:14:30.258 INFO      TOPAZ            Using repository: false
11:14:30.258 INFO      TOPAZ            ***************************************
11:14:30.258 INFO      Engine           Test Scenario execution started
11:14:30.258 INFO      Engine           Using context settings:
  Engine Version                : 20.9.2.v20220119-0531_125
  Environment id                : 3733a884-8048-4e92-a5dc-22fee13c3d54
  Environment type              : Batch
  Operating system              : ZOS
  zOS agent version             : NEWEST
  Server address                : 192.168.96.130
  Server port                   : 16196
  Job execution timeout seconds : 600
  Job info interval seconds     : 3
  Socket read timeout           : 30
  Encoding                      : ISO8859-1
  Codepage                      : 
  Host user Id                  : HBOYXN0
  Use Repository Server         : false
11:14:30.258 INFO      Engine           Setting variables from context and context data extensions
11:14:30.259 INFO      Engine             id: environmentId      value: 3733a884-8048-4e92-a5dc-22fee13c3d54
11:14:30.259 INFO      Engine             id: environmentType    value: BATCH
11:14:30.259 INFO      Engine             id: userId             value: HBOYXN0
11:14:30.259 INFO      Engine             id: accountingInfo     value: 
11:14:30.259 INFO      Unittest         Interpreting Unittest of module: CWKTDATE testscenario path: CWKTDATE_Scenario.testscenario
11:14:30.353 INFO      Unittest         Using JCL skeleton to submit JCL
11:14:30.400 ERROR     Engine           Failed to build binary file C:\Users\ysantana\git\Test_Multiple_Programs\Sample_Demo_Programs\CWKTDATE\.temp\CWKTDATE_Scenario_20220302_111430.bininp',

Reason: STBB018E In order to execute a test scenario with called subprograms, the ECC loadlib null specified in the TTT Runner JCL must be updated. Either cumulative maintenance needs to be applied to the ECC loadlib null or the TTT Runner JCL needs to be updated to use a loadlib that has cumulative maintenance applied.
11:14:30.400 ERROR     Engine           An error occurred. Now stopping the execution.
11:14:30.400 INFO      Engine           Test Scenario execution ended
