09:59:06.323 INFO      TOPAZ            ***************************************
09:59:06.324 INFO      TOPAZ            ** Execution from Topaz with options **
09:59:06.324 INFO      TOPAZ            ***************************************
09:59:06.324 INFO      TOPAZ            Using repository: true
09:59:06.324 INFO      TOPAZ            Repository URL: http://cwcc.nasa.cpwr.corp:2020/totaltestapi/
09:59:06.324 INFO      TOPAZ            ***************************************
09:59:06.327 INFO      Engine           Test Scenario execution started
09:59:06.329 INFO      Engine           Using context settings:
  Engine Version                : 20.9.2.v20220119-0531_125
  Environment id                : 5b508b8a787be73b59238d38
  Environment type              : Batch
  Operating system              : ZOS
  zOS agent version             : NEWEST
  Server address                : cwcc.nasa.cpwr.corp
  Server port                   : 16196
  Job execution timeout seconds : 600
  Job info interval seconds     : 3
  Socket read timeout           : 30
  Encoding                      : ISO8859-1
  Codepage                      : IBM-1047
  Host user Id                  : HBOYXN0
  Use Repository Server         : false
09:59:06.329 INFO      Engine           Setting variables from context and context data extensions
09:59:06.329 INFO      Engine             id: environmentId      value: 5b508b8a787be73b59238d38
09:59:06.333 INFO      Engine             id: environmentType    value: BATCH
09:59:06.333 INFO      Engine             id: userId             value: HBOYXN0
09:59:06.333 INFO      Engine             id: accountingInfo     value: 
09:59:06.334 INFO      Unittest         Interpreting Unittest of module: CWXTDATE testscenario path: CWXTDATE_Scenario.testscenario
09:59:06.579 INFO      Unittest         Using JCL skeleton to submit JCL
09:59:09.878 INFO      CWCC Batch       Sending Job execution request to Host 
09:59:15.146 INFO      CWCC Batch       Job execution completed with status:
  Job status     : COMPLETED
  Job status msg : Job HBOYXN0A(J0238837) ended with return code: 0000
  Job name       : HBOYXN0A
  Job id         : J0238837
  Return code    : 0000
  Abend code     : 
  Abend reason   : 
09:59:16.317 INFO      Unittest         Execution completed
09:59:16.317 INFO      Engine           Test Scenario execution ended
