14:28:10.456 INFO      TOPAZ            ***************************************
14:28:10.457 INFO      TOPAZ            ** Execution from Topaz with options **
14:28:10.457 INFO      TOPAZ            ***************************************
14:28:10.457 INFO      TOPAZ            Using repository: false
14:28:10.457 INFO      TOPAZ            ***************************************
14:28:10.468 INFO      Engine           Test Scenario execution started
14:28:10.468 INFO      Engine           Using context settings:
  Engine Version                : 20.8.2.v20211026-0506_133
  Environment id                : 3733a884-8048-4e92-a5dc-22fee13c3d54
  Environment type              : Batch
  Operating system              : ZOS
  zOS agent version             : NEWEST
  Server address                : 192.168.96.130
  Server port                   : 16196
  Job execution timeout seconds : 600
  Job info interval seconds     : 3
  Socket read timeout           : 30
  Encoding                      : ISO8859-1
  Codepage                      : 
  Host user Id                  : HBOYXN0
  Use Repository Server         : false
14:28:10.468 INFO      Engine           Setting variables from context and context data extensions
14:28:10.468 INFO      Engine             id: environmentId      value: 3733a884-8048-4e92-a5dc-22fee13c3d54
14:28:10.472 INFO      Engine             id: environmentType    value: BATCH
14:28:10.472 INFO      Engine             id: userId             value: HBOYXN0
14:28:10.472 INFO      Engine             id: accountingInfo     value: 
14:28:10.474 INFO      Unittest         Interpreting Unittest of module: CWXTCOBS testscenario path: CWXTCOBS_Scenario.testscenario
14:28:10.689 INFO      Unittest         Using JCL skeleton to submit JCL
14:28:14.177 INFO      CWCC - Demo System Sending Job execution request to Host 
14:28:19.630 INFO      CWCC - Demo System Job execution completed with status:
  Job status     : COMPLETED
  Job status msg : Job HBOYXN0A(J0206412) ended with return code: 0000
  Job name       : HBOYXN0A
  Job id         : J0206412
  Return code    : 0000
  Abend code     : 
  Abend reason   : 
14:28:21.320 INFO      Unittest         Execution completed
14:28:21.320 INFO      Engine           Test Scenario execution ended
