10:49:22.752 INFO      TOPAZ            ***************************************
10:49:22.753 INFO      TOPAZ            ** Execution from Topaz with options **
10:49:22.753 INFO      TOPAZ            ***************************************
10:49:22.754 INFO      TOPAZ            Using repository: false
10:49:22.754 INFO      TOPAZ            ***************************************
10:49:22.758 INFO      Engine           Test Scenario execution started
10:49:22.759 INFO      Engine           Using context settings:
  Engine Version                : 20.9.1.v20211213-1238_91
  Environment id                : 192.168.96.130:16196
  Environment type              : Batch
  Operating system              : ZOS
  zOS agent version             : NEWEST
  Server address                : 192.168.96.130
  Server port                   : 16196
  Job execution timeout seconds : 600
  Job info interval seconds     : 3
  Socket read timeout           : 30
  Encoding                      : ISO8859-1
  Codepage                      : 
  Host user Id                  : HBOYXN0
  Use Repository Server         : false
10:49:22.759 INFO      Engine           Setting variables from context and context data extensions
10:49:22.759 INFO      Engine             id: environmentId      value: 192.168.96.130:16196
10:49:22.762 INFO      Engine             id: environmentType    value: BATCH
10:49:22.762 INFO      Engine             id: userId             value: HBOYXN0
10:49:22.762 INFO      Engine             id: accountingInfo     value: 
10:49:22.764 INFO      Unittest         Interpreting Unittest of module: CWXTCOB testscenario path: CWXTCOB_Scenario.testscenario
10:49:23.006 INFO      Unittest         Using JCL skeleton to submit JCL
10:49:26.704 INFO      CWCC             Sending Job execution request to Host 
10:49:32.010 INFO      CWCC             Job execution completed with status:
  Job status     : COMPLETED
  Job status msg : Job HBOYXN0A(J0222768) ended with return code: 0000
  Job name       : HBOYXN0A
  Job id         : J0222768
  Return code    : 0000
  Abend code     : 
  Abend reason   : 
10:49:33.658 INFO      Unittest         Execution completed
10:49:33.658 INFO      Engine           Test Scenario execution ended
